28
150
4
49
193
72
126
161
146
156
107
55
179
192
6
97
190
120
163
159
86
69
87
93
9
157
37
105
117
121
26
65
135
78
125
24
110
36
189
169
171
39
131
77
164
95
158
118
111
124
137
85
76
194
143
52
153
89
20
45
83
43
170
186
16
2
178
79
160
12
47
60
38
114
198
119
88
10
1
180
184
3
34
128
183
7
195
148
176
91
199
21
116
139
106
68
58
96
103
82
144
174
132
23
27
200
196
33
191
155
63
173
188
104
41
51
61
31
44
152
123
84
50
140
73
14
35
181
13
5
67
22
154
177
54
129
134
136
19
175
57
80
75
8
71
182
64
99
59
17
147
142
122
133
46
98
185
32
168
165
141
42
151
48
40
18
113
127
62
56
112
92
162
145
172
167
149
53
74
11
130
81
101
94
197
115
108
30
29
166
102
90
70
109
138
187
15
25
66
100
