96
92
93
89
86
94
88
98
90
97
82
99
79
77
91
80
76
81
95
75
87
84
85
83
69
70
68
78
73
72
63
59
74
66
60
71
67
65
52
54
64
56
53
100
61
47
101
102
103
50
106
104
105
107
108
109
110
111
116
112
113
119
57
114
117
115
118
120
123
121
62
124
130
131
132
134
128
138
133
125
135
141
129
127
144
139
137
145
136
146
150
140
143
148
155
126
153
154
152
160
147
157
159
149
161
142
156
122
169
168
162
163
167
165
173
158
170
178
174
176
175
151
179
164
166
180
171
172
177
49
46
48
43
40
58
44
41
35
39
51
55
30
42
37
45
29
36
28
24
32
22
31
21
38
33
20
15
16
25
34
26
12
11
14
23
27
13
6
10
7
2
17
3
9
19
1
18
4
5
8
