200
125
61
49
183
109
79
50
51
29
106
17
2
113
176
198
133
56
83
24
122
129
90
130
81
123
153
75
41
100
94
155
55
5
22
10
66
95
114
149
7
165
15
20
180
1
85
58
82
105
73
185
111
52
28
196
38
141
44
156
112
182
40
26
173
11
179
128
99
171
124
9
102
8
48
60
18
35
36
80
190
193
13
42
96
126
43
138
166
119
62
178
117
115
16
151
197
136
148
45
6
65
57
188
64
108
150
63
53
161
167
86
131
177
89
132
87
101
97
169
92
69
142
32
121
168
159
72
158
93
70
152
74
154
110
140
157
145
181
118
84
116
76
162
39
134
186
187
59
163
184
31
14
98
27
175
164
174
194
143
147
107
4
127
34
68
88
30
25
104
91
19
12
47
23
21
137
37
191
135
3
139
78
71
172
103
160
33
120
54
144
189
146
195
67
77
192
170
46
199
