2
9
37
5
38
36
35
7
34
10
116
110
41
112
39
111
40
42
173
200
115
175
174
120
178
179
109
114
177
57
56
117
199
113
131
183
125
191
181
182
133
124
143
188
135
118
190
176
128
148
142
194
151
136
139
186
119
130
145
138
196
152
127
137
126
132
180
147
185
192
187
144
129
189
184
146
195
99
134
150
140
197
106
100
193
102
105
101
103
122
153
160
159
171
107
166
162
157
154
170
161
158
169
167
165
172
198
168
164
149
123
141
121
156
155
163
95
98
96
91
90
97
104
108
93
92
94
84
80
85
87
88
77
78
86
74
79
72
89
81
82
83
71
67
76
75
64
65
70
68
59
66
58
55
69
73
62
61
54
49
50
52
63
51
60
53
47
48
45
46
43
44
25
31
32
24
20
33
19
23
22
15
16
14
30
27
29
21
26
17
11
28
13
18
12
4
6
1
8
3
