81
55
197
186
72
167
181
144
92
195
126
180
91
117
199
200
157
127
189
80
108
170
182
162
63
145
84
47
135
169
110
100
109
90
66
43
97
15
3
190
156
44
68
165
118
14
19
198
151
146
130
164
185
160
18
71
111
113
107
61
42
87
54
140
94
115
194
35
143
184
153
65
49
188
133
132
166
67
60
142
12
96
172
177
74
154
45
26
149
73
46
173
103
119
192
128
17
187
116
123
141
51
112
175
129
105
85
76
168
102
5
98
57
152
37
8
174
104
4
78
48
196
159
114
30
64
52
70
83
150
161
88
56
31
171
191
34
125
138
183
6
95
86
99
148
139
176
178
22
163
79
53
33
136
59
10
41
193
122
158
82
106
75
134
131
50
121
11
27
124
101
137
147
40
25
155
32
21
38
93
24
36
2
89
13
23
77
69
7
28
39
58
20
1
62
9
29
16
179
120
