7
15
2
5
13
20
42
10
28
38
11
33
25
169
19
52
41
48
44
54
36
66
77
68
26
58
64
71
73
23
46
24
61
84
93
95
99
105
40
111
57
65
103
119
78
63
34
129
102
82
139
143
118
53
89
108
56
120
55
88
97
109
74
70
123
122
128
116
69
94
132
80
104
125
67
141
151
121
86
162
147
136
96
133
100
157
90
137
75
130
81
87
114
135
124
106
115
146
107
92
127
112
101
149
110
138
131
158
159
152
165
126
113
154
153
148
156
160
144
161
155
145
142
163
150
134
117
140
170
91
79
164
98
83
76
72
60
85
62
172
166
49
59
47
29
167
50
27
30
168
